<?xml version="1.0" encoding="UTF-8"?>
<testsuite name="pt.isel.ls.sql.DataBaseTestsBernardo" tests="4" skipped="0" failures="2" errors="0" timestamp="2025-03-12T14:27:12" hostname="PCDOJACO" time="0.839">
  <properties/>
  <testcase name="testUpdateStudent" classname="pt.isel.ls.sql.DataBaseTestsBernardo" time="0.44"/>
  <testcase name="testInsertStudent" classname="pt.isel.ls.sql.DataBaseTestsBernardo" time="0.131">
    <failure message="org.postgresql.util.PSQLException: ERROR: duplicate key value violates unique constraint &quot;students_pkey&quot;&#10;  Detail: Key (number)=(51690) already exists." type="org.postgresql.util.PSQLException">org.postgresql.util.PSQLException: ERROR: duplicate key value violates unique constraint &quot;students_pkey&quot;
  Detail: Key (number)=(51690) already exists.
	at app//org.postgresql.core.v3.QueryExecutorImpl.receiveErrorResponse(QueryExecutorImpl.java:2733)
	at app//org.postgresql.core.v3.QueryExecutorImpl.processResults(QueryExecutorImpl.java:2420)
	at app//org.postgresql.core.v3.QueryExecutorImpl.execute(QueryExecutorImpl.java:372)
	at app//org.postgresql.jdbc.PgStatement.executeInternal(PgStatement.java:517)
	at app//org.postgresql.jdbc.PgStatement.execute(PgStatement.java:434)
	at app//org.postgresql.jdbc.PgPreparedStatement.executeWithFlags(PgPreparedStatement.java:194)
	at app//org.postgresql.jdbc.PgPreparedStatement.executeUpdate(PgPreparedStatement.java:155)
	at app//pt.isel.ls.sql.DataBaseTestsBernardo.testInsertStudent(SQLBernardo.kt:26)
	at java.base@23.0.2/jdk.internal.reflect.DirectMethodHandleAccessor.invoke(DirectMethodHandleAccessor.java:103)
	at java.base@23.0.2/java.lang.reflect.Method.invoke(Method.java:580)
	at app//org.junit.runners.model.FrameworkMethod$1.runReflectiveCall(FrameworkMethod.java:59)
	at app//org.junit.internal.runners.model.ReflectiveCallable.run(ReflectiveCallable.java:12)
	at app//org.junit.runners.model.FrameworkMethod.invokeExplosively(FrameworkMethod.java:56)
	at app//org.junit.internal.runners.statements.InvokeMethod.evaluate(InvokeMethod.java:17)
	at app//org.junit.runners.ParentRunner$3.evaluate(ParentRunner.java:306)
	at app//org.junit.runners.BlockJUnit4ClassRunner$1.evaluate(BlockJUnit4ClassRunner.java:100)
	at app//org.junit.runners.ParentRunner.runLeaf(ParentRunner.java:366)
	at app//org.junit.runners.BlockJUnit4ClassRunner.runChild(BlockJUnit4ClassRunner.java:103)
	at app//org.junit.runners.BlockJUnit4ClassRunner.runChild(BlockJUnit4ClassRunner.java:63)
	at app//org.junit.runners.ParentRunner$4.run(ParentRunner.java:331)
	at app//org.junit.runners.ParentRunner$1.schedule(ParentRunner.java:79)
	at app//org.junit.runners.ParentRunner.runChildren(ParentRunner.java:329)
	at app//org.junit.runners.ParentRunner.access$100(ParentRunner.java:66)
	at app//org.junit.runners.ParentRunner$2.evaluate(ParentRunner.java:293)
	at app//org.junit.runners.ParentRunner$3.evaluate(ParentRunner.java:306)
	at app//org.junit.runners.ParentRunner.run(ParentRunner.java:413)
	at org.gradle.api.internal.tasks.testing.junit.JUnitTestClassExecutor.runTestClass(JUnitTestClassExecutor.java:112)
	at org.gradle.api.internal.tasks.testing.junit.JUnitTestClassExecutor.execute(JUnitTestClassExecutor.java:58)
	at org.gradle.api.internal.tasks.testing.junit.JUnitTestClassExecutor.execute(JUnitTestClassExecutor.java:40)
	at org.gradle.api.internal.tasks.testing.junit.AbstractJUnitTestClassProcessor.processTestClass(AbstractJUnitTestClassProcessor.java:54)
	at org.gradle.api.internal.tasks.testing.SuiteTestClassProcessor.processTestClass(SuiteTestClassProcessor.java:53)
	at java.base@23.0.2/jdk.internal.reflect.DirectMethodHandleAccessor.invoke(DirectMethodHandleAccessor.java:103)
	at java.base@23.0.2/java.lang.reflect.Method.invoke(Method.java:580)
	at org.gradle.internal.dispatch.ReflectionDispatch.dispatch(ReflectionDispatch.java:36)
	at org.gradle.internal.dispatch.ReflectionDispatch.dispatch(ReflectionDispatch.java:24)
	at org.gradle.internal.dispatch.ContextClassLoaderDispatch.dispatch(ContextClassLoaderDispatch.java:33)
	at org.gradle.internal.dispatch.ProxyDispatchAdapter$DispatchingInvocationHandler.invoke(ProxyDispatchAdapter.java:92)
	at jdk.proxy1/jdk.proxy1.$Proxy4.processTestClass(Unknown Source)
	at org.gradle.api.internal.tasks.testing.worker.TestWorker$2.run(TestWorker.java:183)
	at org.gradle.api.internal.tasks.testing.worker.TestWorker.executeAndMaintainThreadName(TestWorker.java:132)
	at org.gradle.api.internal.tasks.testing.worker.TestWorker.execute(TestWorker.java:103)
	at org.gradle.api.internal.tasks.testing.worker.TestWorker.execute(TestWorker.java:63)
	at org.gradle.process.internal.worker.child.ActionExecutionWorker.execute(ActionExecutionWorker.java:56)
	at org.gradle.process.internal.worker.child.SystemApplicationClassLoaderWorker.call(SystemApplicationClassLoaderWorker.java:121)
	at org.gradle.process.internal.worker.child.SystemApplicationClassLoaderWorker.call(SystemApplicationClassLoaderWorker.java:71)
	at app//worker.org.gradle.process.internal.worker.GradleWorkerMain.run(GradleWorkerMain.java:69)
	at app//worker.org.gradle.process.internal.worker.GradleWorkerMain.main(GradleWorkerMain.java:74)
</failure>
  </testcase>
  <testcase name="testDeleteStudent" classname="pt.isel.ls.sql.DataBaseTestsBernardo" time="0.147"/>
  <testcase name="testSelectStudents" classname="pt.isel.ls.sql.DataBaseTestsBernardo" time="0.117">
    <failure message="java.lang.AssertionError: Aluno não encontrado" type="java.lang.AssertionError">java.lang.AssertionError: Aluno não encontrado
	at org.junit.Assert.fail(Assert.java:89)
	at kotlin.test.junit.JUnitAsserter.fail(JUnitSupport.kt:56)
	at kotlin.test.Asserter$DefaultImpls.assertTrue(Assertions.kt:694)
	at kotlin.test.junit.JUnitAsserter.assertTrue(JUnitSupport.kt:30)
	at kotlin.test.Asserter$DefaultImpls.assertTrue(Assertions.kt:704)
	at kotlin.test.junit.JUnitAsserter.assertTrue(JUnitSupport.kt:30)
	at kotlin.test.AssertionsKt__AssertionsKt.assertTrue(Assertions.kt:44)
	at kotlin.test.AssertionsKt.assertTrue(Unknown Source)
	at pt.isel.ls.sql.DataBaseTestsBernardo.testSelectStudents(SQLBernardo.kt:44)
	at java.base/jdk.internal.reflect.DirectMethodHandleAccessor.invoke(DirectMethodHandleAccessor.java:103)
	at java.base/java.lang.reflect.Method.invoke(Method.java:580)
	at org.junit.runners.model.FrameworkMethod$1.runReflectiveCall(FrameworkMethod.java:59)
	at org.junit.internal.runners.model.ReflectiveCallable.run(ReflectiveCallable.java:12)
	at org.junit.runners.model.FrameworkMethod.invokeExplosively(FrameworkMethod.java:56)
	at org.junit.internal.runners.statements.InvokeMethod.evaluate(InvokeMethod.java:17)
	at org.junit.runners.ParentRunner$3.evaluate(ParentRunner.java:306)
	at org.junit.runners.BlockJUnit4ClassRunner$1.evaluate(BlockJUnit4ClassRunner.java:100)
	at org.junit.runners.ParentRunner.runLeaf(ParentRunner.java:366)
	at org.junit.runners.BlockJUnit4ClassRunner.runChild(BlockJUnit4ClassRunner.java:103)
	at org.junit.runners.BlockJUnit4ClassRunner.runChild(BlockJUnit4ClassRunner.java:63)
	at org.junit.runners.ParentRunner$4.run(ParentRunner.java:331)
	at org.junit.runners.ParentRunner$1.schedule(ParentRunner.java:79)
	at org.junit.runners.ParentRunner.runChildren(ParentRunner.java:329)
	at org.junit.runners.ParentRunner.access$100(ParentRunner.java:66)
	at org.junit.runners.ParentRunner$2.evaluate(ParentRunner.java:293)
	at org.junit.runners.ParentRunner$3.evaluate(ParentRunner.java:306)
	at org.junit.runners.ParentRunner.run(ParentRunner.java:413)
	at org.gradle.api.internal.tasks.testing.junit.JUnitTestClassExecutor.runTestClass(JUnitTestClassExecutor.java:112)
	at org.gradle.api.internal.tasks.testing.junit.JUnitTestClassExecutor.execute(JUnitTestClassExecutor.java:58)
	at org.gradle.api.internal.tasks.testing.junit.JUnitTestClassExecutor.execute(JUnitTestClassExecutor.java:40)
	at org.gradle.api.internal.tasks.testing.junit.AbstractJUnitTestClassProcessor.processTestClass(AbstractJUnitTestClassProcessor.java:54)
	at org.gradle.api.internal.tasks.testing.SuiteTestClassProcessor.processTestClass(SuiteTestClassProcessor.java:53)
	at java.base/jdk.internal.reflect.DirectMethodHandleAccessor.invoke(DirectMethodHandleAccessor.java:103)
	at java.base/java.lang.reflect.Method.invoke(Method.java:580)
	at org.gradle.internal.dispatch.ReflectionDispatch.dispatch(ReflectionDispatch.java:36)
	at org.gradle.internal.dispatch.ReflectionDispatch.dispatch(ReflectionDispatch.java:24)
	at org.gradle.internal.dispatch.ContextClassLoaderDispatch.dispatch(ContextClassLoaderDispatch.java:33)
	at org.gradle.internal.dispatch.ProxyDispatchAdapter$DispatchingInvocationHandler.invoke(ProxyDispatchAdapter.java:92)
	at jdk.proxy1/jdk.proxy1.$Proxy4.processTestClass(Unknown Source)
	at org.gradle.api.internal.tasks.testing.worker.TestWorker$2.run(TestWorker.java:183)
	at org.gradle.api.internal.tasks.testing.worker.TestWorker.executeAndMaintainThreadName(TestWorker.java:132)
	at org.gradle.api.internal.tasks.testing.worker.TestWorker.execute(TestWorker.java:103)
	at org.gradle.api.internal.tasks.testing.worker.TestWorker.execute(TestWorker.java:63)
	at org.gradle.process.internal.worker.child.ActionExecutionWorker.execute(ActionExecutionWorker.java:56)
	at org.gradle.process.internal.worker.child.SystemApplicationClassLoaderWorker.call(SystemApplicationClassLoaderWorker.java:121)
	at org.gradle.process.internal.worker.child.SystemApplicationClassLoaderWorker.call(SystemApplicationClassLoaderWorker.java:71)
	at worker.org.gradle.process.internal.worker.GradleWorkerMain.run(GradleWorkerMain.java:69)
	at worker.org.gradle.process.internal.worker.GradleWorkerMain.main(GradleWorkerMain.java:74)
</failure>
  </testcase>
  <system-out><![CDATA[]]></system-out>
  <system-err><![CDATA[]]></system-err>
</testsuite>
